  лаба 2.3.cpp
C:\Users\Zver\source\repos\лаба 2.3\лаба 2.3\matrix.h(282,1): error C2678: бинарный ">>": не найден оператор, принимающий левый операнд типа "std::istream" (или приемлемое преобразование отсутствует)
C:\Program Files (x86)\Microsoft Visual Studio\2019\Community\VC\Tools\MSVC\14.27.29110\include\istream(294,39): message : может быть "std::basic_istream<char,std::char_traits<char>> &std::basic_istream<char,std::char_traits<char>>::operator >>(std::basic_streambuf<char,std::char_traits<char>> *)"
C:\Program Files (x86)\Microsoft Visual Studio\2019\Community\VC\Tools\MSVC\14.27.29110\include\istream(290,39): message : или       "std::basic_istream<char,std::char_traits<char>> &std::basic_istream<char,std::char_traits<char>>::operator >>(void *&)"
C:\Program Files (x86)\Microsoft Visual Studio\2019\Community\VC\Tools\MSVC\14.27.29110\include\istream(286,39): message : или       "std::basic_istream<char,std::char_traits<char>> &std::basic_istream<char,std::char_traits<char>>::operator >>(long double &)"
C:\Program Files (x86)\Microsoft Visual Studio\2019\Community\VC\Tools\MSVC\14.27.29110\include\istream(282,39): message : или       "std::basic_istream<char,std::char_traits<char>> &std::basic_istream<char,std::char_traits<char>>::operator >>(double &)"
C:\Program Files (x86)\Microsoft Visual Studio\2019\Community\VC\Tools\MSVC\14.27.29110\include\istream(278,39): message : или       "std::basic_istream<char,std::char_traits<char>> &std::basic_istream<char,std::char_traits<char>>::operator >>(float &)"
C:\Program Files (x86)\Microsoft Visual Studio\2019\Community\VC\Tools\MSVC\14.27.29110\include\istream(274,39): message : или       "std::basic_istream<char,std::char_traits<char>> &std::basic_istream<char,std::char_traits<char>>::operator >>(unsigned __int64 &)"
C:\Program Files (x86)\Microsoft Visual Studio\2019\Community\VC\Tools\MSVC\14.27.29110\include\istream(270,39): message : или       "std::basic_istream<char,std::char_traits<char>> &std::basic_istream<char,std::char_traits<char>>::operator >>(__int64 &)"
C:\Program Files (x86)\Microsoft Visual Studio\2019\Community\VC\Tools\MSVC\14.27.29110\include\istream(266,39): message : или       "std::basic_istream<char,std::char_traits<char>> &std::basic_istream<char,std::char_traits<char>>::operator >>(unsigned long &)"
C:\Program Files (x86)\Microsoft Visual Studio\2019\Community\VC\Tools\MSVC\14.27.29110\include\istream(262,39): message : или       "std::basic_istream<char,std::char_traits<char>> &std::basic_istream<char,std::char_traits<char>>::operator >>(long &)"
C:\Program Files (x86)\Microsoft Visual Studio\2019\Community\VC\Tools\MSVC\14.27.29110\include\istream(258,39): message : или       "std::basic_istream<char,std::char_traits<char>> &std::basic_istream<char,std::char_traits<char>>::operator >>(unsigned int &)"
C:\Program Files (x86)\Microsoft Visual Studio\2019\Community\VC\Tools\MSVC\14.27.29110\include\istream(250,39): message : или       "std::basic_istream<char,std::char_traits<char>> &std::basic_istream<char,std::char_traits<char>>::operator >>(int &)"
C:\Program Files (x86)\Microsoft Visual Studio\2019\Community\VC\Tools\MSVC\14.27.29110\include\istream(246,39): message : или       "std::basic_istream<char,std::char_traits<char>> &std::basic_istream<char,std::char_traits<char>>::operator >>(unsigned short &)"
C:\Program Files (x86)\Microsoft Visual Studio\2019\Community\VC\Tools\MSVC\14.27.29110\include\istream(214,39): message : или       "std::basic_istream<char,std::char_traits<char>> &std::basic_istream<char,std::char_traits<char>>::operator >>(short &)"
C:\Program Files (x86)\Microsoft Visual Studio\2019\Community\VC\Tools\MSVC\14.27.29110\include\istream(210,39): message : или       "std::basic_istream<char,std::char_traits<char>> &std::basic_istream<char,std::char_traits<char>>::operator >>(bool &)"
C:\Program Files (x86)\Microsoft Visual Studio\2019\Community\VC\Tools\MSVC\14.27.29110\include\istream(188,39): message : или       "std::basic_istream<char,std::char_traits<char>> &std::basic_istream<char,std::char_traits<char>>::operator >>(std::ios_base &(__cdecl *)(std::ios_base &))"
C:\Program Files (x86)\Microsoft Visual Studio\2019\Community\VC\Tools\MSVC\14.27.29110\include\istream(183,39): message : или       "std::basic_istream<char,std::char_traits<char>> &std::basic_istream<char,std::char_traits<char>>::operator >>(std::basic_ios<char,std::char_traits<char>> &(__cdecl *)(std::basic_ios<char,std::char_traits<char>> &))"
C:\Program Files (x86)\Microsoft Visual Studio\2019\Community\VC\Tools\MSVC\14.27.29110\include\istream(178,39): message : или       "std::basic_istream<char,std::char_traits<char>> &std::basic_istream<char,std::char_traits<char>>::operator >>(std::basic_istream<char,std::char_traits<char>> &(__cdecl *)(std::basic_istream<char,std::char_traits<char>> &))"
C:\Program Files (x86)\Microsoft Visual Studio\2019\Community\VC\Tools\MSVC\14.27.29110\include\istream(827,31): message : или       "std::basic_istream<char,std::char_traits<char>> &std::operator >><std::char_traits<char>>(std::basic_istream<char,std::char_traits<char>> &,signed char *)"
C:\Program Files (x86)\Microsoft Visual Studio\2019\Community\VC\Tools\MSVC\14.27.29110\include\istream(832,31): message : или       "std::basic_istream<char,std::char_traits<char>> &std::operator >><std::char_traits<char>>(std::basic_istream<char,std::char_traits<char>> &,unsigned char *)"
C:\Program Files (x86)\Microsoft Visual Studio\2019\Community\VC\Tools\MSVC\14.27.29110\include\istream(861,31): message : или       "std::basic_istream<char,std::char_traits<char>> &std::operator >><std::char_traits<char>>(std::basic_istream<char,std::char_traits<char>> &,signed char &)"
C:\Program Files (x86)\Microsoft Visual Studio\2019\Community\VC\Tools\MSVC\14.27.29110\include\istream(867,31): message : или       "std::basic_istream<char,std::char_traits<char>> &std::operator >><std::char_traits<char>>(std::basic_istream<char,std::char_traits<char>> &,unsigned char &)"
C:\Users\Zver\source\repos\лаба 2.3\лаба 2.3\matrix.h(282,1): message : или       "встроенный оператор C++>>(int, T)"
          with
          [
              T=int
          ]
C:\Users\Zver\source\repos\лаба 2.3\лаба 2.3\matrix.h(282,1): message : при попытке сопоставить список аргументов "(std::istream, T)"
          with
          [
              T=int
          ]
C:\Users\Zver\source\repos\лаба 2.3\лаба 2.3\лаба 2.3.cpp(65): message : выполняется компиляция ссылки на экземпляр шаблон функции "std::istream &operator >><int>(std::istream &,const matrix<int,comparator_for_class_matrix> &)"
C:\Users\Zver\source\repos\лаба 2.3\лаба 2.3\лаба 2.3.cpp(71): message : выполняется компиляция ссылки на экземпляр шаблон функции "void input_values<int>(matrix<int,comparator_for_class_matrix> &)"
C:\Users\Zver\source\repos\лаба 2.3\лаба 2.3\лаба 2.3.cpp(155): message : выполняется компиляция ссылки на экземпляр шаблон функции "void input_matrix<int>(matrix<int,comparator_for_class_matrix> &,matrix<int,comparator_for_class_matrix> &)"
C:\Users\Zver\source\repos\лаба 2.3\лаба 2.3\лаба 2.3.cpp(293): message : выполняется компиляция ссылки на экземпляр шаблон функции "void matematical_operation<int>(matrix<int,comparator_for_class_matrix>,matrix<int,comparator_for_class_matrix>)"
C:\Users\Zver\source\repos\лаба 2.3\лаба 2.3\matrix.h(282,1): error C2679: бинарный ">>": не найден оператор, принимающий правый операнд типа "T" (или приемлемое преобразование отсутствует)
          with
          [
              T=double
          ]
C:\Program Files (x86)\Microsoft Visual Studio\2019\Community\VC\Tools\MSVC\14.27.29110\include\istream(294,39): message : может быть "std::basic_istream<char,std::char_traits<char>> &std::basic_istream<char,std::char_traits<char>>::operator >>(std::basic_streambuf<char,std::char_traits<char>> *)"
C:\Program Files (x86)\Microsoft Visual Studio\2019\Community\VC\Tools\MSVC\14.27.29110\include\istream(290,39): message : или       "std::basic_istream<char,std::char_traits<char>> &std::basic_istream<char,std::char_traits<char>>::operator >>(void *&)"
C:\Program Files (x86)\Microsoft Visual Studio\2019\Community\VC\Tools\MSVC\14.27.29110\include\istream(286,39): message : или       "std::basic_istream<char,std::char_traits<char>> &std::basic_istream<char,std::char_traits<char>>::operator >>(long double &)"
C:\Program Files (x86)\Microsoft Visual Studio\2019\Community\VC\Tools\MSVC\14.27.29110\include\istream(282,39): message : или       "std::basic_istream<char,std::char_traits<char>> &std::basic_istream<char,std::char_traits<char>>::operator >>(double &)"
C:\Program Files (x86)\Microsoft Visual Studio\2019\Community\VC\Tools\MSVC\14.27.29110\include\istream(278,39): message : или       "std::basic_istream<char,std::char_traits<char>> &std::basic_istream<char,std::char_traits<char>>::operator >>(float &)"
C:\Program Files (x86)\Microsoft Visual Studio\2019\Community\VC\Tools\MSVC\14.27.29110\include\istream(274,39): message : или       "std::basic_istream<char,std::char_traits<char>> &std::basic_istream<char,std::char_traits<char>>::operator >>(unsigned __int64 &)"
C:\Program Files (x86)\Microsoft Visual Studio\2019\Community\VC\Tools\MSVC\14.27.29110\include\istream(270,39): message : или       "std::basic_istream<char,std::char_traits<char>> &std::basic_istream<char,std::char_traits<char>>::operator >>(__int64 &)"
C:\Program Files (x86)\Microsoft Visual Studio\2019\Community\VC\Tools\MSVC\14.27.29110\include\istream(266,39): message : или       "std::basic_istream<char,std::char_traits<char>> &std::basic_istream<char,std::char_traits<char>>::operator >>(unsigned long &)"
C:\Program Files (x86)\Microsoft Visual Studio\2019\Community\VC\Tools\MSVC\14.27.29110\include\istream(262,39): message : или       "std::basic_istream<char,std::char_traits<char>> &std::basic_istream<char,std::char_traits<char>>::operator >>(long &)"
C:\Program Files (x86)\Microsoft Visual Studio\2019\Community\VC\Tools\MSVC\14.27.29110\include\istream(258,39): message : или       "std::basic_istream<char,std::char_traits<char>> &std::basic_istream<char,std::char_traits<char>>::operator >>(unsigned int &)"
C:\Program Files (x86)\Microsoft Visual Studio\2019\Community\VC\Tools\MSVC\14.27.29110\include\istream(250,39): message : или       "std::basic_istream<char,std::char_traits<char>> &std::basic_istream<char,std::char_traits<char>>::operator >>(int &)"
C:\Program Files (x86)\Microsoft Visual Studio\2019\Community\VC\Tools\MSVC\14.27.29110\include\istream(246,39): message : или       "std::basic_istream<char,std::char_traits<char>> &std::basic_istream<char,std::char_traits<char>>::operator >>(unsigned short &)"
C:\Program Files (x86)\Microsoft Visual Studio\2019\Community\VC\Tools\MSVC\14.27.29110\include\istream(214,39): message : или       "std::basic_istream<char,std::char_traits<char>> &std::basic_istream<char,std::char_traits<char>>::operator >>(short &)"
C:\Program Files (x86)\Microsoft Visual Studio\2019\Community\VC\Tools\MSVC\14.27.29110\include\istream(210,39): message : или       "std::basic_istream<char,std::char_traits<char>> &std::basic_istream<char,std::char_traits<char>>::operator >>(bool &)"
C:\Program Files (x86)\Microsoft Visual Studio\2019\Community\VC\Tools\MSVC\14.27.29110\include\istream(188,39): message : или       "std::basic_istream<char,std::char_traits<char>> &std::basic_istream<char,std::char_traits<char>>::operator >>(std::ios_base &(__cdecl *)(std::ios_base &))"
C:\Program Files (x86)\Microsoft Visual Studio\2019\Community\VC\Tools\MSVC\14.27.29110\include\istream(183,39): message : или       "std::basic_istream<char,std::char_traits<char>> &std::basic_istream<char,std::char_traits<char>>::operator >>(std::basic_ios<char,std::char_traits<char>> &(__cdecl *)(std::basic_ios<char,std::char_traits<char>> &))"
C:\Program Files (x86)\Microsoft Visual Studio\2019\Community\VC\Tools\MSVC\14.27.29110\include\istream(178,39): message : или       "std::basic_istream<char,std::char_traits<char>> &std::basic_istream<char,std::char_traits<char>>::operator >>(std::basic_istream<char,std::char_traits<char>> &(__cdecl *)(std::basic_istream<char,std::char_traits<char>> &))"
C:\Program Files (x86)\Microsoft Visual Studio\2019\Community\VC\Tools\MSVC\14.27.29110\include\istream(827,31): message : или       "std::basic_istream<char,std::char_traits<char>> &std::operator >><std::char_traits<char>>(std::basic_istream<char,std::char_traits<char>> &,signed char *)"
C:\Program Files (x86)\Microsoft Visual Studio\2019\Community\VC\Tools\MSVC\14.27.29110\include\istream(832,31): message : или       "std::basic_istream<char,std::char_traits<char>> &std::operator >><std::char_traits<char>>(std::basic_istream<char,std::char_traits<char>> &,unsigned char *)"
C:\Program Files (x86)\Microsoft Visual Studio\2019\Community\VC\Tools\MSVC\14.27.29110\include\istream(861,31): message : или       "std::basic_istream<char,std::char_traits<char>> &std::operator >><std::char_traits<char>>(std::basic_istream<char,std::char_traits<char>> &,signed char &)"
C:\Program Files (x86)\Microsoft Visual Studio\2019\Community\VC\Tools\MSVC\14.27.29110\include\istream(867,31): message : или       "std::basic_istream<char,std::char_traits<char>> &std::operator >><std::char_traits<char>>(std::basic_istream<char,std::char_traits<char>> &,unsigned char &)"
C:\Users\Zver\source\repos\лаба 2.3\лаба 2.3\matrix.h(282,1): message : при попытке сопоставить список аргументов "(std::istream, T)"
          with
          [
              T=double
          ]
C:\Users\Zver\source\repos\лаба 2.3\лаба 2.3\лаба 2.3.cpp(65): message : выполняется компиляция ссылки на экземпляр шаблон функции "std::istream &operator >><double>(std::istream &,const matrix<double,comparator_for_class_matrix> &)"
C:\Users\Zver\source\repos\лаба 2.3\лаба 2.3\лаба 2.3.cpp(71): message : выполняется компиляция ссылки на экземпляр шаблон функции "void input_values<double>(matrix<double,comparator_for_class_matrix> &)"
C:\Users\Zver\source\repos\лаба 2.3\лаба 2.3\лаба 2.3.cpp(155): message : выполняется компиляция ссылки на экземпляр шаблон функции "void input_matrix<double>(matrix<double,comparator_for_class_matrix> &,matrix<double,comparator_for_class_matrix> &)"
C:\Users\Zver\source\repos\лаба 2.3\лаба 2.3\лаба 2.3.cpp(300): message : выполняется компиляция ссылки на экземпляр шаблон функции "void matematical_operation<double>(matrix<double,comparator_for_class_matrix>,matrix<double,comparator_for_class_matrix>)"
C:\Users\Zver\source\repos\лаба 2.3\лаба 2.3\matrix.h(282,1): error C2679: бинарный ">>": не найден оператор, принимающий правый операнд типа "T" (или приемлемое преобразование отсутствует)
          with
          [
              T=float
          ]
C:\Program Files (x86)\Microsoft Visual Studio\2019\Community\VC\Tools\MSVC\14.27.29110\include\istream(294,39): message : может быть "std::basic_istream<char,std::char_traits<char>> &std::basic_istream<char,std::char_traits<char>>::operator >>(std::basic_streambuf<char,std::char_traits<char>> *)"
C:\Program Files (x86)\Microsoft Visual Studio\2019\Community\VC\Tools\MSVC\14.27.29110\include\istream(290,39): message : или       "std::basic_istream<char,std::char_traits<char>> &std::basic_istream<char,std::char_traits<char>>::operator >>(void *&)"
C:\Program Files (x86)\Microsoft Visual Studio\2019\Community\VC\Tools\MSVC\14.27.29110\include\istream(286,39): message : или       "std::basic_istream<char,std::char_traits<char>> &std::basic_istream<char,std::char_traits<char>>::operator >>(long double &)"
C:\Program Files (x86)\Microsoft Visual Studio\2019\Community\VC\Tools\MSVC\14.27.29110\include\istream(282,39): message : или       "std::basic_istream<char,std::char_traits<char>> &std::basic_istream<char,std::char_traits<char>>::operator >>(double &)"
C:\Program Files (x86)\Microsoft Visual Studio\2019\Community\VC\Tools\MSVC\14.27.29110\include\istream(278,39): message : или       "std::basic_istream<char,std::char_traits<char>> &std::basic_istream<char,std::char_traits<char>>::operator >>(float &)"
C:\Program Files (x86)\Microsoft Visual Studio\2019\Community\VC\Tools\MSVC\14.27.29110\include\istream(274,39): message : или       "std::basic_istream<char,std::char_traits<char>> &std::basic_istream<char,std::char_traits<char>>::operator >>(unsigned __int64 &)"
C:\Program Files (x86)\Microsoft Visual Studio\2019\Community\VC\Tools\MSVC\14.27.29110\include\istream(270,39): message : или       "std::basic_istream<char,std::char_traits<char>> &std::basic_istream<char,std::char_traits<char>>::operator >>(__int64 &)"
C:\Program Files (x86)\Microsoft Visual Studio\2019\Community\VC\Tools\MSVC\14.27.29110\include\istream(266,39): message : или       "std::basic_istream<char,std::char_traits<char>> &std::basic_istream<char,std::char_traits<char>>::operator >>(unsigned long &)"
C:\Program Files (x86)\Microsoft Visual Studio\2019\Community\VC\Tools\MSVC\14.27.29110\include\istream(262,39): message : или       "std::basic_istream<char,std::char_traits<char>> &std::basic_istream<char,std::char_traits<char>>::operator >>(long &)"
C:\Program Files (x86)\Microsoft Visual Studio\2019\Community\VC\Tools\MSVC\14.27.29110\include\istream(258,39): message : или       "std::basic_istream<char,std::char_traits<char>> &std::basic_istream<char,std::char_traits<char>>::operator >>(unsigned int &)"
C:\Program Files (x86)\Microsoft Visual Studio\2019\Community\VC\Tools\MSVC\14.27.29110\include\istream(250,39): message : или       "std::basic_istream<char,std::char_traits<char>> &std::basic_istream<char,std::char_traits<char>>::operator >>(int &)"
C:\Program Files (x86)\Microsoft Visual Studio\2019\Community\VC\Tools\MSVC\14.27.29110\include\istream(246,39): message : или       "std::basic_istream<char,std::char_traits<char>> &std::basic_istream<char,std::char_traits<char>>::operator >>(unsigned short &)"
C:\Program Files (x86)\Microsoft Visual Studio\2019\Community\VC\Tools\MSVC\14.27.29110\include\istream(214,39): message : или       "std::basic_istream<char,std::char_traits<char>> &std::basic_istream<char,std::char_traits<char>>::operator >>(short &)"
C:\Program Files (x86)\Microsoft Visual Studio\2019\Community\VC\Tools\MSVC\14.27.29110\include\istream(210,39): message : или       "std::basic_istream<char,std::char_traits<char>> &std::basic_istream<char,std::char_traits<char>>::operator >>(bool &)"
C:\Program Files (x86)\Microsoft Visual Studio\2019\Community\VC\Tools\MSVC\14.27.29110\include\istream(188,39): message : или       "std::basic_istream<char,std::char_traits<char>> &std::basic_istream<char,std::char_traits<char>>::operator >>(std::ios_base &(__cdecl *)(std::ios_base &))"
C:\Program Files (x86)\Microsoft Visual Studio\2019\Community\VC\Tools\MSVC\14.27.29110\include\istream(183,39): message : или       "std::basic_istream<char,std::char_traits<char>> &std::basic_istream<char,std::char_traits<char>>::operator >>(std::basic_ios<char,std::char_traits<char>> &(__cdecl *)(std::basic_ios<char,std::char_traits<char>> &))"
C:\Program Files (x86)\Microsoft Visual Studio\2019\Community\VC\Tools\MSVC\14.27.29110\include\istream(178,39): message : или       "std::basic_istream<char,std::char_traits<char>> &std::basic_istream<char,std::char_traits<char>>::operator >>(std::basic_istream<char,std::char_traits<char>> &(__cdecl *)(std::basic_istream<char,std::char_traits<char>> &))"
C:\Program Files (x86)\Microsoft Visual Studio\2019\Community\VC\Tools\MSVC\14.27.29110\include\istream(827,31): message : или       "std::basic_istream<char,std::char_traits<char>> &std::operator >><std::char_traits<char>>(std::basic_istream<char,std::char_traits<char>> &,signed char *)"
C:\Program Files (x86)\Microsoft Visual Studio\2019\Community\VC\Tools\MSVC\14.27.29110\include\istream(832,31): message : или       "std::basic_istream<char,std::char_traits<char>> &std::operator >><std::char_traits<char>>(std::basic_istream<char,std::char_traits<char>> &,unsigned char *)"
C:\Program Files (x86)\Microsoft Visual Studio\2019\Community\VC\Tools\MSVC\14.27.29110\include\istream(861,31): message : или       "std::basic_istream<char,std::char_traits<char>> &std::operator >><std::char_traits<char>>(std::basic_istream<char,std::char_traits<char>> &,signed char &)"
C:\Program Files (x86)\Microsoft Visual Studio\2019\Community\VC\Tools\MSVC\14.27.29110\include\istream(867,31): message : или       "std::basic_istream<char,std::char_traits<char>> &std::operator >><std::char_traits<char>>(std::basic_istream<char,std::char_traits<char>> &,unsigned char &)"
C:\Users\Zver\source\repos\лаба 2.3\лаба 2.3\matrix.h(282,1): message : при попытке сопоставить список аргументов "(std::istream, T)"
          with
          [
              T=float
          ]
C:\Users\Zver\source\repos\лаба 2.3\лаба 2.3\лаба 2.3.cpp(65): message : выполняется компиляция ссылки на экземпляр шаблон функции "std::istream &operator >><float>(std::istream &,const matrix<float,comparator_for_class_matrix> &)"
C:\Users\Zver\source\repos\лаба 2.3\лаба 2.3\лаба 2.3.cpp(71): message : выполняется компиляция ссылки на экземпляр шаблон функции "void input_values<float>(matrix<float,comparator_for_class_matrix> &)"
C:\Users\Zver\source\repos\лаба 2.3\лаба 2.3\лаба 2.3.cpp(155): message : выполняется компиляция ссылки на экземпляр шаблон функции "void input_matrix<float>(matrix<float,comparator_for_class_matrix> &,matrix<float,comparator_for_class_matrix> &)"
C:\Users\Zver\source\repos\лаба 2.3\лаба 2.3\лаба 2.3.cpp(307): message : выполняется компиляция ссылки на экземпляр шаблон функции "void matematical_operation<float>(matrix<float,comparator_for_class_matrix>,matrix<float,comparator_for_class_matrix>)"
